<?xml version="1.0" encoding="UTF-8"?>
<testsuite name="tutorial4.MainTest" tests="1" skipped="0" failures="0" errors="0" timestamp="2025-03-16T19:27:32" hostname="DESKTOP-QAG275D" time="0.01">
  <properties/>
  <testcase name="test()" classname="tutorial4.MainTest" time="0.01"/>
  <system-out><![CDATA[]]></system-out>
  <system-err><![CDATA[]]></system-err>
</testsuite>
